<?xml version="1.0" encoding="UTF-8"?>
<!-- Generated by org.testng.reporters.JUnitReportReporter -->
<testsuite skipped="0" hostname="Bobs-MBP.fios-router.home" name="com.hubspot.tests.HomePageTest" tests="1" failures="0" timestamp="10 Mar 2020 22:50:10 GMT" time="12.627" errors="0">
  <testcase name="verifyHomePageTitle" time="12.627" classname="com.hubspot.tests.HomePageTest"/>
</testsuite> <!-- com.hubspot.tests.HomePageTest -->
