<?xml version="1.0" encoding="UTF-8"?>
<!-- Generated by org.testng.reporters.JUnitReportReporter -->
<testsuite skipped="0" hostname="Bobs-MBP.fios-router.home" name="com.hubspot.tests.LoginPFTest" tests="1" failures="0" timestamp="14 Mar 2020 01:21:08 GMT" time="8.432" errors="0">
  <testcase name="loginTest" time="8.432" classname="com.hubspot.tests.LoginPFTest"/>
</testsuite> <!-- com.hubspot.tests.LoginPFTest -->
