<?xml version="1.0" encoding="UTF-8"?>
<!-- Generated by org.testng.reporters.JUnitReportReporter -->
<testsuite skipped="0" hostname="Bobs-MBP.fios-router.home" name="com.hubspot.tests.ContactsPageTest" tests="3" failures="0" timestamp="13 Mar 2020 23:08:56 GMT" time="74.648" errors="0">
  <testcase name="createNewPOMContactTest" time="24.170" classname="com.hubspot.tests.ContactsPageTest"/>
  <testcase name="createNewPOMContactTest" time="24.544" classname="com.hubspot.tests.ContactsPageTest"/>
  <testcase name="createNewPOMContactTest" time="25.934" classname="com.hubspot.tests.ContactsPageTest"/>
</testsuite> <!-- com.hubspot.tests.ContactsPageTest -->
