<?xml version="1.0" encoding="UTF-8"?>
<!-- Generated by org.testng.reporters.JUnitReportReporter -->
<testsuite skipped="0" hostname="Bobs-MBP.fios-router.home" name="com.hubspot.tests.LoginPageTest" tests="1" failures="0" timestamp="2020-03-18T11:42:59 EDT" time="8.722" errors="0">
  <testcase name="loginTest1" time="8.722" classname="com.hubspot.tests.LoginPageTest"/>
</testsuite> <!-- com.hubspot.tests.LoginPageTest -->
